<?xml version="1.0" encoding="UTF-8"?>
<batch xmlns="http://www.polopoly.com/polopoly/cm/xmlio">
  <!-- Create Twitter Site -->
  <content>
    <metadata>
      <contentid>
        <major>Department</major>
        <externalid>p.siteengine.Sites.d</externalid>
      </contentid>
    </metadata>
    <contentlist>
      <entry mode="modify">
        <metadata>
          <referredContent>
            <contentid>
              <major>Department</major>
              <externalid>TwitterEmptyPage.d</externalid>
            </contentid>
          </referredContent>
        </metadata>
      </entry>
    </contentlist>
  </content>

  <!-- Create Twitter Sub-Department -->
  <content>
    <metadata>
      <contentid>
        <major>Department</major>
        <externalid>TwitterEmptyPage.d</externalid>
      </contentid>
    </metadata>
  </content>

  <!-- Create Twitter Department -->
  <content>
    <metadata>
      <contentid>
        <major>Department</major>
        <externalid>TwitterEmptyPage.d</externalid>
      </contentid>
      <input-template>
        <major>InputTemplate</major>
        <externalid>p.siteengine.Site</externalid>
      </input-template>
      <security-parent>
        <major>Department</major>
        <externalid>p.siteengine.Sites.d</externalid>
      </security-parent>
    </metadata>
    <component group="polopoly.Content" name="name">Twitter Empty Page</component>
  </content>

  <!-- Create Twitter hashtags element 1-->
  <content>
    <metadata>
      <contentid>
        <major>LayoutElement</major>
        <externalid>twitter.hashtags.element.1</externalid>
      </contentid>
      <input-template>
        <major>InputTemplate</major>
        <externalid>com.atex.plugins.twitter.MainElement</externalid>
      </input-template>
      <security-parent>
        <major>Department</major>
        <externalid>TwitterEmptyPage.d</externalid>
      </security-parent>
    </metadata>
    <component group="polopoly.Content" name="name">Atex</component>
    <component group="title" name="value">Atex News</component>
    <component group="hashtags" name="value">#atex</component>
    <component group="rpp" name="value">10</component>
    <component group="toptweets" name="value">true</component>
  </content>

 <!-- Create Twitter hashtags element no return result-->
  <content>
    <metadata>
      <contentid>
        <major>LayoutElement</major>
        <externalid>twitter.hashtags.element.nocontent</externalid>
      </contentid>
      <input-template>
        <major>InputTemplate</major>
        <externalid>com.atex.plugins.twitter.MainElement</externalid>
      </input-template>
      <security-parent>
        <major>Department</major>
        <externalid>TwitterEmptyPage.d</externalid>
      </security-parent>
    </metadata>
    <component group="polopoly.Content" name="name">Hashtags should return no result</component>
    <component group="title" name="value">Hashtags with no output</component>
    <component group="hashtags" name="value">#zyxwvuts12345</component>
    <component group="rpp" name="value">10</component>
    <component group="toptweets" name="value">true</component>
  </content> 
</batch>
